# JRE version: Java(TM) SE Runtime Environment (17.0.2+8) (build 17.0.2+8-LTS-86)
# Java VM: Java HotSpot(TM) 64-Bit Server VM (17.0.2+8-LTS-86, mixed mode, sharing, tiered, compressed oops, compressed class ptrs, g1 gc, windows-amd64)
GC Precious Log:
 CPUs: 12 total, 12 available
 Memory: 7541M
 Large Page Support: Disabled
 NUMA Support: Disabled
 Compressed Oops: Enabled (Zero based)
 Heap Region Size: 2M
 Heap Min Capacity: 8M
 Heap Initial Capacity: 118M
 Heap Max Capacity: 4G
 Pre-touch: Disabled
 Parallel Workers: 10
 Concurrent Workers: 3
 Concurrent Refinement Workers: 10
 Periodic GC: Disabled
Heap:
 garbage-first heap   total 120832K, used 69010K [0x0000000700000000, 0x0000000800000000)
  region size 2048K, 3 young (6144K), 2 survivors (4096K)
 Metaspace       used 81280K, committed 81920K, reserved 1122304K
  class space    used 11068K, committed 11328K, reserved 1048576K
GC Heap History (20 events):
Event: 11.815 GC heap before
{Heap before GC invocations=17 (full 0):
 garbage-first heap   total 90112K, used 64097K [0x0000000700000000, 0x0000000800000000)
  region size 2048K, 15 young (30720K), 2 survivors (4096K)
 Metaspace       used 60123K, committed 60736K, reserved 1105920K
  class space    used 8602K, committed 8896K, reserved 1048576K
}
Event: 11.819 GC heap after
{Heap after GC invocations=18 (full 0):
 garbage-first heap   total 90112K, used 40049K [0x0000000700000000, 0x0000000800000000)
  region size 2048K, 2 young (4096K), 2 survivors (4096K)
 Metaspace       used 60123K, committed 60736K, reserved 1105920K
  class space    used 8602K, committed 8896K, reserved 1048576K
}
Event: 12.247 GC heap before
{Heap before GC invocations=19 (full 0):
 garbage-first heap   total 90112K, used 70769K [0x0000000700000000, 0x0000000800000000)
  region size 2048K, 16 young (32768K), 2 survivors (4096K)
 Metaspace       used 63623K, committed 64256K, reserved 1105920K
  class space    used 9036K, committed 9344K, reserved 1048576K
}
Event: 12.250 GC heap after
{Heap after GC invocations=20 (full 0):
 garbage-first heap   total 90112K, used 44789K [0x0000000700000000, 0x0000000800000000)
  region size 2048K, 2 young (4096K), 2 survivors (4096K)
 Metaspace       used 63623K, committed 64256K, reserved 1105920K
  class space    used 9036K, committed 9344K, reserved 1048576K
}
Event: 12.544 GC heap before
{Heap before GC invocations=21 (full 0):
 garbage-first heap   total 92160K, used 65269K [0x0000000700000000, 0x0000000800000000)
  region size 2048K, 10 young (20480K), 2 survivors (4096K)
 Metaspace       used 66052K, committed 66752K, reserved 1105920K
  class space    used 9335K, committed 9664K, reserved 1048576K
}
Event: 12.547 GC heap after
{Heap after GC invocations=22 (full 0):
 garbage-first heap   total 92160K, used 45096K [0x0000000700000000, 0x0000000800000000)
  region size 2048K, 2 young (4096K), 2 survivors (4096K)
 Metaspace       used 66052K, committed 66752K, reserved 1105920K
  class space    used 9335K, committed 9664K, reserved 1048576K
}
Event: 12.751 GC heap before
{Heap before GC invocations=23 (full 0):
 garbage-first heap   total 96256K, used 81960K [0x0000000700000000, 0x0000000800000000)
  region size 2048K, 17 young (34816K), 2 survivors (4096K)
 Metaspace       used 66196K, committed 66880K, reserved 1105920K
  class space    used 9343K, committed 9664K, reserved 1048576K
}
Event: 12.760 GC heap after
{Heap after GC invocations=24 (full 0):
 garbage-first heap   total 96256K, used 53866K [0x0000000700000000, 0x0000000800000000)
  region size 2048K, 3 young (6144K), 3 survivors (6144K)
 Metaspace       used 66196K, committed 66880K, reserved 1105920K
  class space    used 9343K, committed 9664K, reserved 1048576K
}
Event: 13.020 GC heap before
{Heap before GC invocations=24 (full 0):
 garbage-first heap   total 96256K, used 74346K [0x0000000700000000, 0x0000000800000000)
  region size 2048K, 13 young (26624K), 3 survivors (6144K)
 Metaspace       used 67801K, committed 68416K, reserved 1114112K
  class space    used 9553K, committed 9856K, reserved 1048576K
}
Event: 13.025 GC heap after
{Heap after GC invocations=25 (full 0):
 garbage-first heap   total 96256K, used 55651K [0x0000000700000000, 0x0000000800000000)
  region size 2048K, 1 young (2048K), 1 survivors (2048K)
 Metaspace       used 67801K, committed 68416K, reserved 1114112K
  class space    used 9553K, committed 9856K, reserved 1048576K
}
Event: 13.203 GC heap before
{Heap before GC invocations=26 (full 0):
 garbage-first heap   total 100352K, used 63843K [0x0000000700000000, 0x0000000800000000)
  region size 2048K, 7 young (14336K), 1 survivors (2048K)
 Metaspace       used 69175K, committed 69760K, reserved 1114112K
  class space    used 9717K, committed 9984K, reserved 1048576K
}
Event: 13.205 GC heap after
{Heap after GC invocations=27 (full 0):
 garbage-first heap   total 100352K, used 55990K [0x0000000700000000, 0x0000000800000000)
  region size 2048K, 1 young (2048K), 1 survivors (2048K)
 Metaspace       used 69175K, committed 69760K, reserved 1114112K
  class space    used 9717K, committed 9984K, reserved 1048576K
}
Event: 13.646 GC heap before
{Heap before GC invocations=28 (full 0):
 garbage-first heap   total 110592K, used 86710K [0x0000000700000000, 0x0000000800000000)
  region size 2048K, 13 young (26624K), 1 survivors (2048K)
 Metaspace       used 71599K, committed 72192K, reserved 1114112K
  class space    used 9978K, committed 10240K, reserved 1048576K
}
Event: 13.649 GC heap after
{Heap after GC invocations=29 (full 0):
 garbage-first heap   total 110592K, used 64421K [0x0000000700000000, 0x0000000800000000)
  region size 2048K, 2 young (4096K), 2 survivors (4096K)
 Metaspace       used 71599K, committed 72192K, reserved 1114112K
  class space    used 9978K, committed 10240K, reserved 1048576K
}
Event: 14.021 GC heap before
{Heap before GC invocations=29 (full 0):
 garbage-first heap   total 110592K, used 88997K [0x0000000700000000, 0x0000000800000000)
  region size 2048K, 14 young (28672K), 2 survivors (4096K)
 Metaspace       used 74579K, committed 75200K, reserved 1114112K
  class space    used 10221K, committed 10496K, reserved 1048576K
}
Event: 14.024 GC heap after
{Heap after GC invocations=30 (full 0):
 garbage-first heap   total 110592K, used 66309K [0x0000000700000000, 0x0000000800000000)
  region size 2048K, 1 young (2048K), 1 survivors (2048K)
 Metaspace       used 74579K, committed 75200K, reserved 1114112K
  class space    used 10221K, committed 10496K, reserved 1048576K
}
Event: 14.389 GC heap before
{Heap before GC invocations=31 (full 0):
 garbage-first heap   total 116736K, used 88837K [0x0000000700000000, 0x0000000800000000)
  region size 2048K, 12 young (24576K), 1 survivors (2048K)
 Metaspace       used 77481K, committed 78208K, reserved 1122304K
  class space    used 10566K, committed 10880K, reserved 1048576K
}
Event: 14.392 GC heap after
{Heap after GC invocations=32 (full 0):
 garbage-first heap   total 116736K, used 67510K [0x0000000700000000, 0x0000000800000000)
  region size 2048K, 2 young (4096K), 2 survivors (4096K)
 Metaspace       used 77481K, committed 78208K, reserved 1122304K
  class space    used 10566K, committed 10880K, reserved 1048576K
}
Event: 14.795 GC heap before
{Heap before GC invocations=32 (full 0):
 garbage-first heap   total 116736K, used 94134K [0x0000000700000000, 0x0000000800000000)
  region size 2048K, 15 young (30720K), 2 survivors (4096K)
 Metaspace       used 81150K, committed 81792K, reserved 1122304K
  class space    used 11050K, committed 11328K, reserved 1048576K
}
Event: 14.800 GC heap after
{Heap after GC invocations=33 (full 0):
 garbage-first heap   total 116736K, used 69010K [0x0000000700000000, 0x0000000800000000)
  region size 2048K, 2 young (4096K), 2 survivors (4096K)
 Metaspace       used 81150K, committed 81792K, reserved 1122304K
  class space    used 11050K, committed 11328K, reserved 1048576K
}

