# JRE version: OpenJDK Runtime Environment Temurin-17.0.9+9 (17.0.9+9) (build 17.0.9+9)
# Java VM: OpenJDK 64-Bit Server VM Temurin-17.0.9+9 (17.0.9+9, mixed mode, tiered, compressed oops, compressed class ptrs, parallel gc, windows-amd64)
GC Precious Log:
 CPUs: 12 total, 12 available
 Memory: 7541M
 Large Page Support: Disabled
 NUMA Support: Disabled
 Compressed Oops: Enabled (32-bit)
 Alignments: Space 512K, Generation 512K, Heap 2M
 Heap Min Capacity: 100M
 Heap Initial Capacity: 100M
 Heap Max Capacity: 1G
 Pre-touch: Disabled
 Parallel Workers: 10
Heap:
 PSYoungGen      total 23040K, used 23009K [0x00000000eab00000, 0x00000000ec580000, 0x0000000100000000)
  eden space 21504K, 100% used [0x00000000eab00000,0x00000000ec000000,0x00000000ec000000)
  from space 1536K, 97% used [0x00000000ec280000,0x00000000ec3f8400,0x00000000ec400000)
  to   space 2560K, 0% used [0x00000000ec000000,0x00000000ec000000,0x00000000ec280000)
 ParOldGen       total 68608K, used 25505K [0x00000000c0000000, 0x00000000c4300000, 0x00000000eab00000)
  object space 68608K, 37% used [0x00000000c0000000,0x00000000c18e8720,0x00000000c4300000)
 Metaspace       used 42022K, committed 42752K, reserved 1114112K
  class space    used 4283K, committed 4608K, reserved 1048576K
GC Heap History (20 events):
Event: 8.472 GC heap before
{Heap before GC invocations=9 (full 1):
 PSYoungGen      total 25600K, used 22276K [0x00000000eab00000, 0x00000000eca80000, 0x0000000100000000)
  eden space 24064K, 86% used [0x00000000eab00000,0x00000000ebf41e68,0x00000000ec280000)
  from space 1536K, 99% used [0x00000000ec480000,0x00000000ec5ff498,0x00000000ec600000)
  to   space 4096K, 0% used [0x00000000ec680000,0x00000000ec680000,0x00000000eca80000)
 ParOldGen       total 68608K, used 8538K [0x00000000c0000000, 0x00000000c4300000, 0x00000000eab00000)
  object space 68608K, 12% used [0x00000000c0000000,0x00000000c0856888,0x00000000c4300000)
 Metaspace       used 35223K, committed 35840K, reserved 1114112K
  class space    used 3563K, committed 3840K, reserved 1048576K
}
Event: 8.474 GC heap after
{Heap after GC invocations=9 (full 1):
 PSYoungGen      total 27136K, used 2933K [0x00000000eab00000, 0x00000000ec980000, 0x0000000100000000)
  eden space 24064K, 0% used [0x00000000eab00000,0x00000000eab00000,0x00000000ec280000)
  from space 3072K, 95% used [0x00000000ec680000,0x00000000ec95d7a0,0x00000000ec980000)
  to   space 3072K, 0% used [0x00000000ec380000,0x00000000ec380000,0x00000000ec680000)
 ParOldGen       total 68608K, used 8546K [0x00000000c0000000, 0x00000000c4300000, 0x00000000eab00000)
  object space 68608K, 12% used [0x00000000c0000000,0x00000000c0858888,0x00000000c4300000)
 Metaspace       used 35223K, committed 35840K, reserved 1114112K
  class space    used 3563K, committed 3840K, reserved 1048576K
}
Event: 8.474 GC heap before
{Heap before GC invocations=10 (full 2):
 PSYoungGen      total 27136K, used 2933K [0x00000000eab00000, 0x00000000ec980000, 0x0000000100000000)
  eden space 24064K, 0% used [0x00000000eab00000,0x00000000eab00000,0x00000000ec280000)
  from space 3072K, 95% used [0x00000000ec680000,0x00000000ec95d7a0,0x00000000ec980000)
  to   space 3072K, 0% used [0x00000000ec380000,0x00000000ec380000,0x00000000ec680000)
 ParOldGen       total 68608K, used 8546K [0x00000000c0000000, 0x00000000c4300000, 0x00000000eab00000)
  object space 68608K, 12% used [0x00000000c0000000,0x00000000c0858888,0x00000000c4300000)
 Metaspace       used 35223K, committed 35840K, reserved 1114112K
  class space    used 3563K, committed 3840K, reserved 1048576K
}
Event: 8.495 GC heap after
{Heap after GC invocations=10 (full 2):
 PSYoungGen      total 27136K, used 0K [0x00000000eab00000, 0x00000000ec980000, 0x0000000100000000)
  eden space 24064K, 0% used [0x00000000eab00000,0x00000000eab00000,0x00000000ec280000)
  from space 3072K, 0% used [0x00000000ec680000,0x00000000ec680000,0x00000000ec980000)
  to   space 3072K, 0% used [0x00000000ec380000,0x00000000ec380000,0x00000000ec680000)
 ParOldGen       total 68608K, used 11133K [0x00000000c0000000, 0x00000000c4300000, 0x00000000eab00000)
  object space 68608K, 16% used [0x00000000c0000000,0x00000000c0adf7b0,0x00000000c4300000)
 Metaspace       used 35223K, committed 35840K, reserved 1114112K
  class space    used 3563K, committed 3840K, reserved 1048576K
}
Event: 8.788 GC heap before
{Heap before GC invocations=11 (full 2):
 PSYoungGen      total 27136K, used 24063K [0x00000000eab00000, 0x00000000ec980000, 0x0000000100000000)
  eden space 24064K, 99% used [0x00000000eab00000,0x00000000ec27ffe8,0x00000000ec280000)
  from space 3072K, 0% used [0x00000000ec680000,0x00000000ec680000,0x00000000ec980000)
  to   space 3072K, 0% used [0x00000000ec380000,0x00000000ec380000,0x00000000ec680000)
 ParOldGen       total 68608K, used 11133K [0x00000000c0000000, 0x00000000c4300000, 0x00000000eab00000)
  object space 68608K, 16% used [0x00000000c0000000,0x00000000c0adf7b0,0x00000000c4300000)
 Metaspace       used 36638K, committed 37376K, reserved 1114112K
  class space    used 3725K, committed 4096K, reserved 1048576K
}
Event: 8.791 GC heap after
{Heap after GC invocations=11 (full 2):
 PSYoungGen      total 26112K, used 2400K [0x00000000eab00000, 0x00000000ec800000, 0x0000000100000000)
  eden space 23552K, 0% used [0x00000000eab00000,0x00000000eab00000,0x00000000ec200000)
  from space 2560K, 93% used [0x00000000ec380000,0x00000000ec5d8040,0x00000000ec600000)
  to   space 2048K, 0% used [0x00000000ec600000,0x00000000ec600000,0x00000000ec800000)
 ParOldGen       total 68608K, used 11141K [0x00000000c0000000, 0x00000000c4300000, 0x00000000eab00000)
  object space 68608K, 16% used [0x00000000c0000000,0x00000000c0ae17b0,0x00000000c4300000)
 Metaspace       used 36638K, committed 37376K, reserved 1114112K
  class space    used 3725K, committed 4096K, reserved 1048576K
}
Event: 8.936 GC heap before
{Heap before GC invocations=12 (full 2):
 PSYoungGen      total 26112K, used 25952K [0x00000000eab00000, 0x00000000ec800000, 0x0000000100000000)
  eden space 23552K, 100% used [0x00000000eab00000,0x00000000ec200000,0x00000000ec200000)
  from space 2560K, 93% used [0x00000000ec380000,0x00000000ec5d8040,0x00000000ec600000)
  to   space 2048K, 0% used [0x00000000ec600000,0x00000000ec600000,0x00000000ec800000)
 ParOldGen       total 68608K, used 11141K [0x00000000c0000000, 0x00000000c4300000, 0x00000000eab00000)
  object space 68608K, 16% used [0x00000000c0000000,0x00000000c0ae17b0,0x00000000c4300000)
 Metaspace       used 36835K, committed 37568K, reserved 1114112K
  class space    used 3744K, committed 4096K, reserved 1048576K
}
Event: 8.939 GC heap after
{Heap after GC invocations=12 (full 2):
 PSYoungGen      total 24576K, used 2016K [0x00000000eab00000, 0x00000000ecb80000, 0x0000000100000000)
  eden space 22528K, 0% used [0x00000000eab00000,0x00000000eab00000,0x00000000ec100000)
  from space 2048K, 98% used [0x00000000ec600000,0x00000000ec7f8040,0x00000000ec800000)
  to   space 5120K, 0% used [0x00000000ec100000,0x00000000ec100000,0x00000000ec600000)
 ParOldGen       total 68608K, used 13501K [0x00000000c0000000, 0x00000000c4300000, 0x00000000eab00000)
  object space 68608K, 19% used [0x00000000c0000000,0x00000000c0d2f7c0,0x00000000c4300000)
 Metaspace       used 36835K, committed 37568K, reserved 1114112K
  class space    used 3744K, committed 4096K, reserved 1048576K
}
Event: 9.008 GC heap before
{Heap before GC invocations=13 (full 2):
 PSYoungGen      total 24576K, used 24544K [0x00000000eab00000, 0x00000000ecb80000, 0x0000000100000000)
  eden space 22528K, 100% used [0x00000000eab00000,0x00000000ec100000,0x00000000ec100000)
  from space 2048K, 98% used [0x00000000ec600000,0x00000000ec7f8040,0x00000000ec800000)
  to   space 5120K, 0% used [0x00000000ec100000,0x00000000ec100000,0x00000000ec600000)
 ParOldGen       total 68608K, used 13501K [0x00000000c0000000, 0x00000000c4300000, 0x00000000eab00000)
  object space 68608K, 19% used [0x00000000c0000000,0x00000000c0d2f7c0,0x00000000c4300000)
 Metaspace       used 36899K, committed 37632K, reserved 1114112K
  class space    used 3756K, committed 4096K, reserved 1048576K
}
Event: 9.013 GC heap after
{Heap after GC invocations=13 (full 2):
 PSYoungGen      total 25088K, used 2976K [0x00000000eab00000, 0x00000000ec780000, 0x0000000100000000)
  eden space 22016K, 0% used [0x00000000eab00000,0x00000000eab00000,0x00000000ec080000)
  from space 3072K, 96% used [0x00000000ec100000,0x00000000ec3e8020,0x00000000ec400000)
  to   space 3584K, 0% used [0x00000000ec400000,0x00000000ec400000,0x00000000ec780000)
 ParOldGen       total 68608K, used 15501K [0x00000000c0000000, 0x00000000c4300000, 0x00000000eab00000)
  object space 68608K, 22% used [0x00000000c0000000,0x00000000c0f237f0,0x00000000c4300000)
 Metaspace       used 36899K, committed 37632K, reserved 1114112K
  class space    used 3756K, committed 4096K, reserved 1048576K
}
Event: 9.105 GC heap before
{Heap before GC invocations=14 (full 2):
 PSYoungGen      total 25088K, used 24992K [0x00000000eab00000, 0x00000000ec780000, 0x0000000100000000)
  eden space 22016K, 100% used [0x00000000eab00000,0x00000000ec080000,0x00000000ec080000)
  from space 3072K, 96% used [0x00000000ec100000,0x00000000ec3e8020,0x00000000ec400000)
  to   space 3584K, 0% used [0x00000000ec400000,0x00000000ec400000,0x00000000ec780000)
 ParOldGen       total 68608K, used 15501K [0x00000000c0000000, 0x00000000c4300000, 0x00000000eab00000)
  object space 68608K, 22% used [0x00000000c0000000,0x00000000c0f237f0,0x00000000c4300000)
 Metaspace       used 36899K, committed 37632K, reserved 1114112K
  class space    used 3756K, committed 4096K, reserved 1048576K
}
Event: 9.109 GC heap after
{Heap after GC invocations=14 (full 2):
 PSYoungGen      total 24576K, used 2528K [0x00000000eab00000, 0x00000000ec680000, 0x0000000100000000)
  eden space 22016K, 0% used [0x00000000eab00000,0x00000000eab00000,0x00000000ec080000)
  from space 2560K, 98% used [0x00000000ec400000,0x00000000ec678000,0x00000000ec680000)
  to   space 3072K, 0% used [0x00000000ec080000,0x00000000ec080000,0x00000000ec380000)
 ParOldGen       total 68608K, used 18321K [0x00000000c0000000, 0x00000000c4300000, 0x00000000eab00000)
  object space 68608K, 26% used [0x00000000c0000000,0x00000000c11e4720,0x00000000c4300000)
 Metaspace       used 36899K, committed 37632K, reserved 1114112K
  class space    used 3756K, committed 4096K, reserved 1048576K
}
Event: 9.188 GC heap before
{Heap before GC invocations=15 (full 2):
 PSYoungGen      total 24576K, used 24544K [0x00000000eab00000, 0x00000000ec680000, 0x0000000100000000)
  eden space 22016K, 100% used [0x00000000eab00000,0x00000000ec080000,0x00000000ec080000)
  from space 2560K, 98% used [0x00000000ec400000,0x00000000ec678000,0x00000000ec680000)
  to   space 3072K, 0% used [0x00000000ec080000,0x00000000ec080000,0x00000000ec380000)
 ParOldGen       total 68608K, used 18321K [0x00000000c0000000, 0x00000000c4300000, 0x00000000eab00000)
  object space 68608K, 26% used [0x00000000c0000000,0x00000000c11e4720,0x00000000c4300000)
 Metaspace       used 36899K, committed 37632K, reserved 1114112K
  class space    used 3756K, committed 4096K, reserved 1048576K
}
Event: 9.192 GC heap after
{Heap after GC invocations=15 (full 2):
 PSYoungGen      total 25088K, used 2528K [0x00000000eab00000, 0x00000000ec680000, 0x0000000100000000)
  eden space 22016K, 0% used [0x00000000eab00000,0x00000000eab00000,0x00000000ec080000)
  from space 3072K, 82% used [0x00000000ec080000,0x00000000ec2f8010,0x00000000ec380000)
  to   space 3072K, 0% used [0x00000000ec380000,0x00000000ec380000,0x00000000ec680000)
 ParOldGen       total 68608K, used 20737K [0x00000000c0000000, 0x00000000c4300000, 0x00000000eab00000)
  object space 68608K, 30% used [0x00000000c0000000,0x00000000c1440720,0x00000000c4300000)
 Metaspace       used 36899K, committed 37632K, reserved 1114112K
  class space    used 3756K, committed 4096K, reserved 1048576K
}
Event: 45.084 GC heap before
{Heap before GC invocations=16 (full 2):
 PSYoungGen      total 25088K, used 24544K [0x00000000eab00000, 0x00000000ec680000, 0x0000000100000000)
  eden space 22016K, 100% used [0x00000000eab00000,0x00000000ec080000,0x00000000ec080000)
  from space 3072K, 82% used [0x00000000ec080000,0x00000000ec2f8010,0x00000000ec380000)
  to   space 3072K, 0% used [0x00000000ec380000,0x00000000ec380000,0x00000000ec680000)
 ParOldGen       total 68608K, used 20737K [0x00000000c0000000, 0x00000000c4300000, 0x00000000eab00000)
  object space 68608K, 30% used [0x00000000c0000000,0x00000000c1440720,0x00000000c4300000)
 Metaspace       used 39447K, committed 40192K, reserved 1114112K
  class space    used 4020K, committed 4352K, reserved 1048576K
}
Event: 45.101 GC heap after
{Heap after GC invocations=16 (full 2):
 PSYoungGen      total 24576K, used 2105K [0x00000000eab00000, 0x00000000ec600000, 0x0000000100000000)
  eden space 22016K, 0% used [0x00000000eab00000,0x00000000eab00000,0x00000000ec080000)
  from space 2560K, 82% used [0x00000000ec380000,0x00000000ec58e620,0x00000000ec600000)
  to   space 2560K, 0% used [0x00000000ec100000,0x00000000ec100000,0x00000000ec380000)
 ParOldGen       total 68608K, used 23151K [0x00000000c0000000, 0x00000000c4300000, 0x00000000eab00000)
  object space 68608K, 33% used [0x00000000c0000000,0x00000000c169bfb0,0x00000000c4300000)
 Metaspace       used 39447K, committed 40192K, reserved 1114112K
  class space    used 4020K, committed 4352K, reserved 1048576K
}
Event: 45.773 GC heap before
{Heap before GC invocations=17 (full 2):
 PSYoungGen      total 24576K, used 24063K [0x00000000eab00000, 0x00000000ec600000, 0x0000000100000000)
  eden space 22016K, 99% used [0x00000000eab00000,0x00000000ec071950,0x00000000ec080000)
  from space 2560K, 82% used [0x00000000ec380000,0x00000000ec58e620,0x00000000ec600000)
  to   space 2560K, 0% used [0x00000000ec100000,0x00000000ec100000,0x00000000ec380000)
 ParOldGen       total 68608K, used 23151K [0x00000000c0000000, 0x00000000c4300000, 0x00000000eab00000)
  object space 68608K, 33% used [0x00000000c0000000,0x00000000c169bfb0,0x00000000c4300000)
 Metaspace       used 40381K, committed 41152K, reserved 1114112K
  class space    used 4143K, committed 4480K, reserved 1048576K
}
Event: 45.777 GC heap after
{Heap after GC invocations=17 (full 2):
 PSYoungGen      total 22528K, used 448K [0x00000000eab00000, 0x00000000ec400000, 0x0000000100000000)
  eden space 22016K, 0% used [0x00000000eab00000,0x00000000eab00000,0x00000000ec080000)
  from space 512K, 87% used [0x00000000ec100000,0x00000000ec170000,0x00000000ec180000)
  to   space 1536K, 0% used [0x00000000ec280000,0x00000000ec280000,0x00000000ec400000)
 ParOldGen       total 68608K, used 25017K [0x00000000c0000000, 0x00000000c4300000, 0x00000000eab00000)
  object space 68608K, 36% used [0x00000000c0000000,0x00000000c186e720,0x00000000c4300000)
 Metaspace       used 40381K, committed 41152K, reserved 1114112K
  class space    used 4143K, committed 4480K, reserved 1048576K
}
Event: 46.081 GC heap before
{Heap before GC invocations=18 (full 2):
 PSYoungGen      total 22528K, used 22463K [0x00000000eab00000, 0x00000000ec400000, 0x0000000100000000)
  eden space 22016K, 99% used [0x00000000eab00000,0x00000000ec07fe38,0x00000000ec080000)
  from space 512K, 87% used [0x00000000ec100000,0x00000000ec170000,0x00000000ec180000)
  to   space 1536K, 0% used [0x00000000ec280000,0x00000000ec280000,0x00000000ec400000)
 ParOldGen       total 68608K, used 25017K [0x00000000c0000000, 0x00000000c4300000, 0x00000000eab00000)
  object space 68608K, 36% used [0x00000000c0000000,0x00000000c186e720,0x00000000c4300000)
 Metaspace       used 40881K, committed 41600K, reserved 1114112K
  class space    used 4179K, committed 4480K, reserved 1048576K
}
Event: 46.084 GC heap after
{Heap after GC invocations=18 (full 2):
 PSYoungGen      total 23040K, used 1505K [0x00000000eab00000, 0x00000000ec580000, 0x0000000100000000)
  eden space 21504K, 0% used [0x00000000eab00000,0x00000000eab00000,0x00000000ec000000)
  from space 1536K, 97% used [0x00000000ec280000,0x00000000ec3f8400,0x00000000ec400000)
  to   space 2560K, 0% used [0x00000000ec000000,0x00000000ec000000,0x00000000ec280000)
 ParOldGen       total 68608K, used 25505K [0x00000000c0000000, 0x00000000c4300000, 0x00000000eab00000)
  object space 68608K, 37% used [0x00000000c0000000,0x00000000c18e8720,0x00000000c4300000)
 Metaspace       used 40881K, committed 41600K, reserved 1114112K
  class space    used 4179K, committed 4480K, reserved 1048576K
}

