# JRE version: Java(TM) SE Runtime Environment (17.0.2+8) (build 17.0.2+8-LTS-86)
# Java VM: Java HotSpot(TM) 64-Bit Server VM (17.0.2+8-LTS-86, mixed mode, sharing, tiered, compressed oops, compressed class ptrs, g1 gc, windows-amd64)
GC Precious Log:
 CPUs: 12 total, 12 available
 Memory: 7541M
 Large Page Support: Disabled
 NUMA Support: Disabled
 Compressed Oops: Enabled (Zero based)
 Heap Region Size: 2M
 Heap Min Capacity: 8M
 Heap Initial Capacity: 118M
 Heap Max Capacity: 4G
 Pre-touch: Disabled
 Parallel Workers: 10
 Concurrent Workers: 3
 Concurrent Refinement Workers: 10
 Periodic GC: Disabled
Heap:
 garbage-first heap   total 360448K, used 177545K [0x0000000700000000, 0x0000000800000000)
  region size 2048K, 23 young (47104K), 3 survivors (6144K)
 Metaspace       used 121129K, committed 122176K, reserved 1163264K
  class space    used 16036K, committed 16512K, reserved 1048576K
GC Heap History (20 events):
Event: 25.744 GC heap before
{Heap before GC invocations=34 (full 0):
 garbage-first heap   total 190464K, used 148377K [0x0000000700000000, 0x0000000800000000)
  region size 2048K, 38 young (77824K), 6 survivors (12288K)
 Metaspace       used 102960K, committed 103744K, reserved 1138688K
  class space    used 13919K, committed 14336K, reserved 1048576K
}
Event: 25.759 GC heap after
{Heap after GC invocations=35 (full 0):
 garbage-first heap   total 190464K, used 89925K [0x0000000700000000, 0x0000000800000000)
  region size 2048K, 3 young (6144K), 3 survivors (6144K)
 Metaspace       used 102960K, committed 103744K, reserved 1138688K
  class space    used 13919K, committed 14336K, reserved 1048576K
}
Event: 25.783 GC heap before
{Heap before GC invocations=35 (full 0):
 garbage-first heap   total 190464K, used 89925K [0x0000000700000000, 0x0000000800000000)
  region size 2048K, 4 young (8192K), 3 survivors (6144K)
 Metaspace       used 102960K, committed 103744K, reserved 1138688K
  class space    used 13919K, committed 14336K, reserved 1048576K
}
Event: 25.788 GC heap after
{Heap after GC invocations=36 (full 0):
 garbage-first heap   total 190464K, used 90922K [0x0000000700000000, 0x0000000800000000)
  region size 2048K, 3 young (6144K), 3 survivors (6144K)
 Metaspace       used 102960K, committed 103744K, reserved 1138688K
  class space    used 13919K, committed 14336K, reserved 1048576K
}
Event: 26.172 GC heap before
{Heap before GC invocations=37 (full 0):
 garbage-first heap   total 190464K, used 131882K [0x0000000700000000, 0x0000000800000000)
  region size 2048K, 21 young (43008K), 3 survivors (6144K)
 Metaspace       used 104950K, committed 105856K, reserved 1146880K
  class space    used 14179K, committed 14592K, reserved 1048576K
}
Event: 26.183 GC heap after
{Heap after GC invocations=38 (full 0):
 garbage-first heap   total 190464K, used 97016K [0x0000000700000000, 0x0000000800000000)
  region size 2048K, 2 young (4096K), 2 survivors (4096K)
 Metaspace       used 104950K, committed 105856K, reserved 1146880K
  class space    used 14179K, committed 14592K, reserved 1048576K
}
Event: 26.232 GC heap before
{Heap before GC invocations=38 (full 0):
 garbage-first heap   total 190464K, used 101112K [0x0000000700000000, 0x0000000800000000)
  region size 2048K, 4 young (8192K), 2 survivors (4096K)
 Metaspace       used 105422K, committed 106304K, reserved 1146880K
  class space    used 14240K, committed 14656K, reserved 1048576K
}
Event: 26.235 GC heap after
{Heap after GC invocations=39 (full 0):
 garbage-first heap   total 190464K, used 95831K [0x0000000700000000, 0x0000000800000000)
  region size 2048K, 1 young (2048K), 1 survivors (2048K)
 Metaspace       used 105422K, committed 106304K, reserved 1146880K
  class space    used 14240K, committed 14656K, reserved 1048576K
}
Event: 27.002 GC heap before
{Heap before GC invocations=39 (full 0):
 garbage-first heap   total 190464K, used 134743K [0x0000000700000000, 0x0000000800000000)
  region size 2048K, 20 young (40960K), 1 survivors (2048K)
 Metaspace       used 109926K, committed 110720K, reserved 1146880K
  class space    used 14779K, committed 15168K, reserved 1048576K
}
Event: 27.006 GC heap after
{Heap after GC invocations=40 (full 0):
 garbage-first heap   total 190464K, used 97936K [0x0000000700000000, 0x0000000800000000)
  region size 2048K, 2 young (4096K), 2 survivors (4096K)
 Metaspace       used 109926K, committed 110720K, reserved 1146880K
  class space    used 14779K, committed 15168K, reserved 1048576K
}
Event: 27.761 GC heap before
{Heap before GC invocations=41 (full 0):
 garbage-first heap   total 190464K, used 136848K [0x0000000700000000, 0x0000000800000000)
  region size 2048K, 22 young (45056K), 2 survivors (4096K)
 Metaspace       used 112104K, committed 112896K, reserved 1146880K
  class space    used 15056K, committed 15424K, reserved 1048576K
}
Event: 27.768 GC heap after
{Heap after GC invocations=42 (full 0):
 garbage-first heap   total 190464K, used 100902K [0x0000000700000000, 0x0000000800000000)
  region size 2048K, 3 young (6144K), 3 survivors (6144K)
 Metaspace       used 112104K, committed 112896K, reserved 1146880K
  class space    used 15056K, committed 15424K, reserved 1048576K
}
Event: 27.797 GC heap before
{Heap before GC invocations=42 (full 0):
 garbage-first heap   total 190464K, used 102950K [0x0000000700000000, 0x0000000800000000)
  region size 2048K, 4 young (8192K), 3 survivors (6144K)
 Metaspace       used 112273K, committed 113024K, reserved 1146880K
  class space    used 15073K, committed 15424K, reserved 1048576K
}
Event: 27.805 GC heap after
{Heap after GC invocations=43 (full 0):
 garbage-first heap   total 190464K, used 100223K [0x0000000700000000, 0x0000000800000000)
  region size 2048K, 1 young (2048K), 1 survivors (2048K)
 Metaspace       used 112273K, committed 113024K, reserved 1146880K
  class space    used 15073K, committed 15424K, reserved 1048576K
}
Event: 28.573 GC heap before
{Heap before GC invocations=43 (full 0):
 garbage-first heap   total 190464K, used 141183K [0x0000000700000000, 0x0000000800000000)
  region size 2048K, 21 young (43008K), 1 survivors (2048K)
 Metaspace       used 115470K, committed 116288K, reserved 1155072K
  class space    used 15460K, committed 15808K, reserved 1048576K
}
Event: 28.580 GC heap after
{Heap after GC invocations=44 (full 0):
 garbage-first heap   total 360448K, used 101168K [0x0000000700000000, 0x0000000800000000)
  region size 2048K, 1 young (2048K), 1 survivors (2048K)
 Metaspace       used 115470K, committed 116288K, reserved 1155072K
  class space    used 15460K, committed 15808K, reserved 1048576K
}
Event: 31.076 GC heap before
{Heap before GC invocations=44 (full 0):
 garbage-first heap   total 360448K, used 244528K [0x0000000700000000, 0x0000000800000000)
  region size 2048K, 63 young (129024K), 1 survivors (2048K)
 Metaspace       used 116962K, committed 117888K, reserved 1155072K
  class space    used 15671K, committed 16128K, reserved 1048576K
}
Event: 31.119 GC heap after
{Heap after GC invocations=45 (full 0):
 garbage-first heap   total 360448K, used 126573K [0x0000000700000000, 0x0000000800000000)
  region size 2048K, 8 young (16384K), 8 survivors (16384K)
 Metaspace       used 116962K, committed 117888K, reserved 1155072K
  class space    used 15671K, committed 16128K, reserved 1048576K
}
Event: 33.887 GC heap before
{Heap before GC invocations=45 (full 0):
 garbage-first heap   total 360448K, used 274029K [0x0000000700000000, 0x0000000800000000)
  region size 2048K, 71 young (145408K), 8 survivors (16384K)
 Metaspace       used 120899K, committed 121856K, reserved 1155072K
  class space    used 16005K, committed 16448K, reserved 1048576K
}
Event: 33.947 GC heap after
{Heap after GC invocations=46 (full 0):
 garbage-first heap   total 360448K, used 138633K [0x0000000700000000, 0x0000000800000000)
  region size 2048K, 3 young (6144K), 3 survivors (6144K)
 Metaspace       used 120899K, committed 121856K, reserved 1155072K
  class space    used 16005K, committed 16448K, reserved 1048576K
}

