# JRE version: OpenJDK Runtime Environment (11.0.15) (build 11.0.15+0-b2043.56-9505619)
# Java VM: OpenJDK 64-Bit Server VM (11.0.15+0-b2043.56-9505619, mixed mode, tiered, compressed oops, g1 gc, windows-amd64)
Heap:
 garbage-first heap   total 145408K, used 107697K [0x0000000700000000, 0x0000000800000000)
  region size 1024K, 12 young (12288K), 3 survivors (3072K)
 Metaspace       used 98154K, capacity 101252K, committed 101456K, reserved 1136640K
  class space    used 12862K, capacity 13970K, committed 13984K, reserved 1048576K
GC Heap History (20 events):
Event: 17.537 GC heap before
{Heap before GC invocations=20 (full 0):
 garbage-first heap   total 145408K, used 119125K [0x0000000700000000, 0x0000000800000000)
  region size 1024K, 53 young (54272K), 5 survivors (5120K)
 Metaspace       used 81408K, capacity 84080K, committed 84304K, reserved 1122304K
  class space    used 10615K, capacity 11596K, committed 11680K, reserved 1048576K
}
Event: 17.544 GC heap after
{Heap after GC invocations=21 (full 0):
 garbage-first heap   total 145408K, used 74003K [0x0000000700000000, 0x0000000800000000)
  region size 1024K, 7 young (7168K), 7 survivors (7168K)
 Metaspace       used 81408K, capacity 84080K, committed 84304K, reserved 1122304K
  class space    used 10615K, capacity 11596K, committed 11680K, reserved 1048576K
}
Event: 18.147 GC heap before
{Heap before GC invocations=22 (full 0):
 garbage-first heap   total 145408K, used 120083K [0x0000000700000000, 0x0000000800000000)
  region size 1024K, 52 young (53248K), 7 survivors (7168K)
 Metaspace       used 86009K, capacity 88576K, committed 88912K, reserved 1126400K
  class space    used 11375K, capacity 12344K, committed 12448K, reserved 1048576K
}
Event: 18.153 GC heap after
{Heap after GC invocations=23 (full 0):
 garbage-first heap   total 145408K, used 76922K [0x0000000700000000, 0x0000000800000000)
  region size 1024K, 4 young (4096K), 4 survivors (4096K)
 Metaspace       used 86009K, capacity 88576K, committed 88912K, reserved 1126400K
  class space    used 11375K, capacity 12344K, committed 12448K, reserved 1048576K
}
Event: 18.436 GC heap before
{Heap before GC invocations=23 (full 0):
 garbage-first heap   total 145408K, used 120954K [0x0000000700000000, 0x0000000800000000)
  region size 1024K, 47 young (48128K), 4 survivors (4096K)
 Metaspace       used 87567K, capacity 90238K, committed 90448K, reserved 1126400K
  class space    used 11585K, capacity 12553K, committed 12704K, reserved 1048576K
}
Event: 18.446 GC heap after
{Heap after GC invocations=24 (full 0):
 garbage-first heap   total 145408K, used 79970K [0x0000000700000000, 0x0000000800000000)
  region size 1024K, 6 young (6144K), 6 survivors (6144K)
 Metaspace       used 87567K, capacity 90238K, committed 90448K, reserved 1126400K
  class space    used 11585K, capacity 12553K, committed 12704K, reserved 1048576K
}
Event: 18.784 GC heap before
{Heap before GC invocations=25 (full 0):
 garbage-first heap   total 145408K, used 120930K [0x0000000700000000, 0x0000000800000000)
  region size 1024K, 46 young (47104K), 6 survivors (6144K)
 Metaspace       used 89374K, capacity 92104K, committed 92240K, reserved 1128448K
  class space    used 11848K, capacity 12883K, committed 12960K, reserved 1048576K
}
Event: 18.790 GC heap after
{Heap after GC invocations=26 (full 0):
 garbage-first heap   total 145408K, used 83690K [0x0000000700000000, 0x0000000800000000)
  region size 1024K, 4 young (4096K), 4 survivors (4096K)
 Metaspace       used 89374K, capacity 92104K, committed 92240K, reserved 1128448K
  class space    used 11848K, capacity 12883K, committed 12960K, reserved 1048576K
}
Event: 19.216 GC heap before
{Heap before GC invocations=26 (full 0):
 garbage-first heap   total 145408K, used 120554K [0x0000000700000000, 0x0000000800000000)
  region size 1024K, 40 young (40960K), 4 survivors (4096K)
 Metaspace       used 93809K, capacity 96727K, committed 96976K, reserved 1132544K
  class space    used 12454K, capacity 13514K, committed 13600K, reserved 1048576K
}
Event: 19.221 GC heap after
{Heap after GC invocations=27 (full 0):
 garbage-first heap   total 145408K, used 85637K [0x0000000700000000, 0x0000000800000000)
  region size 1024K, 2 young (2048K), 2 survivors (2048K)
 Metaspace       used 93809K, capacity 96727K, committed 96976K, reserved 1132544K
  class space    used 12454K, capacity 13514K, committed 13600K, reserved 1048576K
}
Event: 19.565 GC heap before
{Heap before GC invocations=28 (full 0):
 garbage-first heap   total 145408K, used 122501K [0x0000000700000000, 0x0000000800000000)
  region size 1024K, 38 young (38912K), 2 survivors (2048K)
 Metaspace       used 95561K, capacity 98418K, committed 98640K, reserved 1134592K
  class space    used 12656K, capacity 13726K, committed 13728K, reserved 1048576K
}
Event: 19.570 GC heap after
{Heap after GC invocations=29 (full 0):
 garbage-first heap   total 145408K, used 89088K [0x0000000700000000, 0x0000000800000000)
  region size 1024K, 5 young (5120K), 5 survivors (5120K)
 Metaspace       used 95561K, capacity 98418K, committed 98640K, reserved 1134592K
  class space    used 12656K, capacity 13726K, committed 13728K, reserved 1048576K
}
Event: 26.469 GC heap before
{Heap before GC invocations=29 (full 0):
 garbage-first heap   total 145408K, used 122880K [0x0000000700000000, 0x0000000800000000)
  region size 1024K, 38 young (38912K), 5 survivors (5120K)
 Metaspace       used 96302K, capacity 99090K, committed 99280K, reserved 1134592K
  class space    used 12753K, capacity 13812K, committed 13856K, reserved 1048576K
}
Event: 26.477 GC heap after
{Heap after GC invocations=30 (full 0):
 garbage-first heap   total 145408K, used 91647K [0x0000000700000000, 0x0000000800000000)
  region size 1024K, 3 young (3072K), 3 survivors (3072K)
 Metaspace       used 96302K, capacity 99090K, committed 99280K, reserved 1134592K
  class space    used 12753K, capacity 13812K, committed 13856K, reserved 1048576K
}
Event: 40.411 GC heap before
{Heap before GC invocations=31 (full 0):
 garbage-first heap   total 145408K, used 122367K [0x0000000700000000, 0x0000000800000000)
  region size 1024K, 33 young (33792K), 3 survivors (3072K)
 Metaspace       used 97168K, capacity 100122K, committed 100432K, reserved 1136640K
  class space    used 12828K, capacity 13913K, committed 13984K, reserved 1048576K
}
Event: 40.415 GC heap after
{Heap after GC invocations=32 (full 0):
 garbage-first heap   total 145408K, used 93912K [0x0000000700000000, 0x0000000800000000)
  region size 1024K, 5 young (5120K), 5 survivors (5120K)
 Metaspace       used 97168K, capacity 100122K, committed 100432K, reserved 1136640K
  class space    used 12828K, capacity 13913K, committed 13984K, reserved 1048576K
}
Event: 40.914 GC heap before
{Heap before GC invocations=32 (full 0):
 garbage-first heap   total 145408K, used 121560K [0x0000000700000000, 0x0000000800000000)
  region size 1024K, 33 young (33792K), 5 survivors (5120K)
 Metaspace       used 97635K, capacity 100675K, committed 100944K, reserved 1136640K
  class space    used 12845K, capacity 13945K, committed 13984K, reserved 1048576K
}
Event: 40.938 GC heap after
{Heap after GC invocations=33 (full 0):
 garbage-first heap   total 145408K, used 97096K [0x0000000700000000, 0x0000000800000000)
  region size 1024K, 4 young (4096K), 4 survivors (4096K)
 Metaspace       used 97635K, capacity 100675K, committed 100944K, reserved 1136640K
  class space    used 12845K, capacity 13945K, committed 13984K, reserved 1048576K
}
Event: 45.364 GC heap before
{Heap before GC invocations=34 (full 0):
 garbage-first heap   total 145408K, used 121672K [0x0000000700000000, 0x0000000800000000)
  region size 1024K, 29 young (29696K), 4 survivors (4096K)
 Metaspace       used 97890K, capacity 100993K, committed 101200K, reserved 1136640K
  class space    used 12853K, capacity 13956K, committed 13984K, reserved 1048576K
}
Event: 45.370 GC heap after
{Heap after GC invocations=35 (full 0):
 garbage-first heap   total 145408K, used 99505K [0x0000000700000000, 0x0000000800000000)
  region size 1024K, 3 young (3072K), 3 survivors (3072K)
 Metaspace       used 97890K, capacity 100993K, committed 101200K, reserved 1136640K
  class space    used 12853K, capacity 13956K, committed 13984K, reserved 1048576K
}

